<?xml version="1.0" encoding="UTF-8"?>
<!-- Generated by org.testng.reporters.JUnitReportReporter -->
<testsuite hostname="Yogitak-PC" failures="0" tests="1" name="com.wizcomtech.AutomationProject.OrgnisationCreation_test" time="44.873" errors="0" timestamp="2024-10-22T10:47:01 IST" skipped="0">
  <testcase classname="com.wizcomtech.AutomationProject.OrgnisationCreation_test" name="OrganisationCreation" time="44.873"/>
</testsuite> <!-- com.wizcomtech.AutomationProject.OrgnisationCreation_test -->
