<?xml version="1.0" encoding="UTF-8"?>
<!-- Generated by org.testng.reporters.JUnitReportReporter -->
<testsuite hostname="Yogitak-PC" failures="0" tests="1" name="com.wizcomtech.AutomationProject.OwnerCreationInvite_test" time="38.278" errors="0" timestamp="2024-10-21T11:13:21 IST" skipped="0">
  <testcase classname="com.wizcomtech.AutomationProject.OwnerCreationInvite_test" name="OwnerCreationInvite" time="38.278"/>
</testsuite> <!-- com.wizcomtech.AutomationProject.OwnerCreationInvite_test -->
