<?xml version="1.0" encoding="UTF-8"?>
<!-- Generated by org.testng.reporters.JUnitReportReporter -->
<testsuite hostname="Yogitak-PC" failures="0" tests="1" name="com.wizcomtech.AutomationProject.OwnerJoinOrganisation_test" time="119.509" errors="0" timestamp="2024-10-21T11:08:46 IST" skipped="0">
  <testcase classname="com.wizcomtech.AutomationProject.OwnerJoinOrganisation_test" name="OwnerJoinOrganisation" time="119.509"/>
</testsuite> <!-- com.wizcomtech.AutomationProject.OwnerJoinOrganisation_test -->
